2023-11-29 23:20:15,548 [INFO] Activator:176 - 


2023-11-29 23:20:15,552 [INFO] Activator:177 - !SESSION log4j initialized
2023-11-29 23:20:20,289 [INFO] LogOutputStream:77 - [STDOUT_REDIRECT] 
2023-11-29 23:20:24,485 [INFO] ApplicationProperties:184 - Using Application install path: C:\ST\STM32CubeIDE_1.13.0\STM32CubeIDE\plugins\com.st.stm32cube.common.mx_6.10.0.202311202037
2023-11-29 23:20:24,517 [INFO] DbMcusXml:78 - Set database path to: C:\ST\STM32CubeIDE_1.13.0\STM32CubeIDE\plugins\com.st.stm32cube.common.mx_6.10.0.202311202037\\db\/mcu/
2023-11-29 23:20:24,517 [INFO] ApiDb:274 - Set plugin database path to: C:\ST\STM32CubeIDE_1.13.0\STM32CubeIDE\plugins\com.st.stm32cube.common.mx_6.10.0.202311202037\\db\/plugins/boardmanager/
2023-11-29 23:20:24,537 [WARN] ApiDb:259 - Overriding images path with different value:  => C:\ST\STM32CubeIDE_1.13.0\STM32CubeIDE\plugins\com.st.stm32cube.common.mx_6.10.0.202311202037\\db\/plugins/mcufinder/images/
2023-11-29 23:20:24,561 [INFO] ApiDb:250 - Set database path to: C:\Users\jeffr\.stmcufinder\plugins\mcufinder//mcu/
2023-11-29 23:20:24,563 [INFO] DbMcusAds:125 - Set database path to: C:\Users\jeffr\.stmcufinder\plugins\mcufinder//mcu/
2023-11-29 23:20:24,568 [INFO] CrossReferenceDbSqlite:203 - Set database path to: C:\Users\jeffr\.stmcufinder\plugins\mcufinder//mcu/cs/
2023-11-29 23:20:24,755 [INFO] RulesReader:64 - Compatibility file has been processed (297 Rules)
2023-11-29 23:20:24,899 [INFO] DbMcusXml:78 - Set database path to: C:\ST\STM32CubeIDE_1.13.0\STM32CubeIDE\plugins\com.st.stm32cube.common.mx_6.10.0.202311202037\\db\/mcu/
2023-11-29 23:20:24,899 [INFO] ApiDb:274 - Set plugin database path to: C:\ST\STM32CubeIDE_1.13.0\STM32CubeIDE\plugins\com.st.stm32cube.common.mx_6.10.0.202311202037\\db\/plugins/boardmanager/
2023-11-29 23:20:24,900 [INFO] ApiDb:261 - Set plugin images path to: C:\ST\STM32CubeIDE_1.13.0\STM32CubeIDE\plugins\com.st.stm32cube.common.mx_6.10.0.202311202037\\db\/plugins/mcufinder/images/
2023-11-29 23:20:24,900 [WARN] DbFile:41 - Overriding database path with different value: C:\Users\jeffr\.stmcufinder\plugins\mcufinder/ => C:\Users\jeffr\.stmcufinder\plugins\mcufinder
2023-11-29 23:20:24,901 [INFO] ApiDb:250 - Set database path to: C:\Users\jeffr\.stmcufinder\plugins\mcufinder//mcu/
2023-11-29 23:20:24,901 [WARN] DbFile:41 - Overriding database path with different value: C:\Users\jeffr\.stmcufinder\plugins\mcufinder/ => C:\Users\jeffr\.stmcufinder\plugins\mcufinder
2023-11-29 23:20:24,902 [INFO] DbMcusAds:125 - Set database path to: C:\Users\jeffr\.stmcufinder\plugins\mcufinder//mcu/
2023-11-29 23:20:24,902 [WARN] DbFile:41 - Overriding database path with different value: C:\Users\jeffr\.stmcufinder\plugins\mcufinder/ => C:\Users\jeffr\.stmcufinder\plugins\mcufinder
2023-11-29 23:20:24,902 [WARN] DbFile:41 - Overriding database path with different value: C:\Users\jeffr\.stmcufinder\plugins\mcufinder/ => C:\Users\jeffr\.stmcufinder\plugins\mcufinder
2023-11-29 23:20:24,902 [INFO] CrossReferenceDbSqlite:203 - Set database path to: C:\Users\jeffr\.stmcufinder\plugins\mcufinder//mcu/cs/
2023-11-29 23:20:25,056 [INFO] MainPanel:264 - HeapMemory: 268435456
2023-11-29 23:20:25,207 [INFO] DbMcusXml:78 - Set database path to: C:\ST\STM32CubeIDE_1.13.0\STM32CubeIDE\plugins\com.st.stm32cube.common.mx_6.10.0.202311202037\\db\/mcu/
2023-11-29 23:20:25,207 [INFO] ApiDb:274 - Set plugin database path to: C:\ST\STM32CubeIDE_1.13.0\STM32CubeIDE\plugins\com.st.stm32cube.common.mx_6.10.0.202311202037\\db\/plugins/boardmanager/
2023-11-29 23:20:25,207 [INFO] ApiDb:261 - Set plugin images path to: C:\ST\STM32CubeIDE_1.13.0\STM32CubeIDE\plugins\com.st.stm32cube.common.mx_6.10.0.202311202037\\db\/plugins/mcufinder/images/
2023-11-29 23:20:25,208 [WARN] DbFile:41 - Overriding database path with different value: C:\Users\jeffr\.stmcufinder\plugins\mcufinder/ => C:\Users\jeffr\.stmcufinder\plugins\mcufinder
2023-11-29 23:20:25,208 [INFO] ApiDb:250 - Set database path to: C:\Users\jeffr\.stmcufinder\plugins\mcufinder//mcu/
2023-11-29 23:20:25,208 [WARN] DbFile:41 - Overriding database path with different value: C:\Users\jeffr\.stmcufinder\plugins\mcufinder/ => C:\Users\jeffr\.stmcufinder\plugins\mcufinder
2023-11-29 23:20:25,312 [INFO] DbMcusAds:125 - Set database path to: C:\Users\jeffr\.stmcufinder\plugins\mcufinder//mcu/
2023-11-29 23:20:25,312 [WARN] DbFile:41 - Overriding database path with different value: C:\Users\jeffr\.stmcufinder\plugins\mcufinder/ => C:\Users\jeffr\.stmcufinder\plugins\mcufinder
2023-11-29 23:20:25,312 [WARN] DbFile:41 - Overriding database path with different value: C:\Users\jeffr\.stmcufinder\plugins\mcufinder/ => C:\Users\jeffr\.stmcufinder\plugins\mcufinder
2023-11-29 23:20:25,312 [INFO] CrossReferenceDbSqlite:203 - Set database path to: C:\Users\jeffr\.stmcufinder\plugins\mcufinder//mcu/cs/
2023-11-29 23:20:25,342 [INFO] ApplicationProperties:184 - Using Application install path: C:\ST\STM32CubeIDE_1.13.0\STM32CubeIDE\plugins\com.st.stm32cube.common.mx_6.10.0.202311202037
2023-11-29 23:20:25,344 [INFO] PluginManage:196 - Search for loadable plugins [exclusion list=, ]
2023-11-29 23:20:25,347 [INFO] PluginManage:310 - Check plugin analytics
2023-11-29 23:20:25,640 [INFO] AnalyticsPlugin:253 - Accepted Software Licenses: STM32CubeMX.6.8.1,STM32CubeMX.6.10.0
2023-11-29 23:20:25,640 [INFO] AnalyticsPlugin:255 - Accepted CMSIS Pack Licenses: STMicroelectronics.X-CUBE-AZRTOS-F4.1.1.0,STMicroelectronics.X-CUBE-FREERTOS.1.0.1
2023-11-29 23:20:25,641 [INFO] AnalyticsPlugin:257 - Accepted Firmware Licenses: FW.U5.1.3.0,FW.C0.1.1.0,FW.F7.1.17.0
2023-11-29 23:20:25,645 [INFO] PluginManage:359 - Loaded plugin analytics (category:tool,tabindex:-1)
2023-11-29 23:20:25,646 [INFO] PluginManage:310 - Check plugin cadmodel
2023-11-29 23:20:25,655 [INFO] CADModel:105 - Init CAD model plugin
2023-11-29 23:20:25,655 [INFO] PluginManage:359 - Loaded plugin cadmodel (category:power,tabindex:5)
2023-11-29 23:20:25,656 [INFO] PluginManage:310 - Check plugin clock
2023-11-29 23:20:25,675 [INFO] PluginManage:359 - Loaded plugin clock (category:base,tabindex:2)
2023-11-29 23:20:25,676 [INFO] PluginManage:310 - Check plugin ddr
2023-11-29 23:20:25,680 [INFO] PluginManage:359 - Loaded plugin ddr (category:tool,tabindex:6)
2023-11-29 23:20:25,681 [INFO] PluginManage:310 - Check plugin filemanager
2023-11-29 23:20:26,217 [INFO] PluginManage:359 - Loaded plugin filemanager (category:base,tabindex:10)
2023-11-29 23:20:26,218 [INFO] PluginManage:310 - Check plugin ipmanager
2023-11-29 23:20:26,235 [INFO] PluginManage:359 - Loaded plugin ipmanager (category:base,tabindex:5)
2023-11-29 23:20:26,236 [INFO] PluginManage:310 - Check plugin lpbam
2023-11-29 23:20:26,258 [INFO] PluginManage:359 - Loaded plugin lpbam (category:base,tabindex:0)
2023-11-29 23:20:26,259 [INFO] PluginManage:310 - Check plugin memorymap
2023-11-29 23:20:26,278 [INFO] PluginManage:359 - Loaded plugin memorymap (category:base,tabindex:4)
2023-11-29 23:20:26,278 [INFO] PluginManage:310 - Check plugin pinoutandconfiguration
2023-11-29 23:20:26,287 [INFO] PluginManage:359 - Loaded plugin pinoutandconfiguration (category:base,tabindex:1)
2023-11-29 23:20:26,287 [INFO] PluginManage:310 - Check plugin pinoutconfig
2023-11-29 23:20:26,411 [WARN] SupportedApi:132 - Cannot load RTOS API schema: s4s-elt-must-match.1: The content of 'definitions' must match (annotation?, (simpleType | complexType)?, (unique | key | keyref)*)). A problem was found starting at: attribute.
2023-11-29 23:20:26,665 [INFO] PluginManage:359 - Loaded plugin pinoutconfig (category:base,tabindex:0)
2023-11-29 23:20:26,666 [INFO] PluginManage:310 - Check plugin power
2023-11-29 23:20:26,752 [INFO] PluginManage:359 - Loaded plugin power (category:power,tabindex:4)
2023-11-29 23:20:26,752 [INFO] PluginManage:310 - Check plugin projectmanager
2023-11-29 23:20:26,776 [INFO] PluginManage:359 - Loaded plugin projectmanager (category:projectmanager,tabindex:3)
2023-11-29 23:20:26,776 [INFO] PluginManage:310 - Check plugin thirdparty
2023-11-29 23:20:27,176 [INFO] PluginManage:359 - Loaded plugin thirdparty (category:base,tabindex:-1)
2023-11-29 23:20:27,176 [WARN] IntegrityCheckThread:84 - waiting for thirdparty lock release [integrity check]
2023-11-29 23:20:27,177 [INFO] IntegrityCheckThread:86 - entering critical section [integrity check]
2023-11-29 23:20:27,177 [INFO] PluginManage:310 - Check plugin tools
2023-11-29 23:20:27,178 [INFO] ThirdPartyUpdaterWithRetryManager:70 - Updater plugin not ready yet. [1/15]
2023-11-29 23:20:27,181 [INFO] PluginManage:359 - Loaded plugin tools (category:base,tabindex:7)
2023-11-29 23:20:27,182 [INFO] PluginManage:310 - Check plugin tutovideos
2023-11-29 23:20:27,546 [INFO] PluginManage:359 - Loaded plugin tutovideos (category:base,tabindex:-1)
2023-11-29 23:20:27,547 [INFO] PluginManage:310 - Check plugin updater
2023-11-29 23:20:27,566 [INFO] PluginManage:359 - Loaded plugin updater (category:base,tabindex:12)
2023-11-29 23:20:27,567 [INFO] PluginManage:310 - Check plugin userauth
2023-11-29 23:20:27,575 [INFO] UserAuth:114 - Init User Auth plugin
2023-11-29 23:20:27,576 [INFO] PluginManage:359 - Loaded plugin userauth (category:base,tabindex:14)
2023-11-29 23:20:27,577 [INFO] PluginManage:283 - PluginManage : Loaded plugins [17]
2023-11-29 23:20:27,913 [INFO] PinOutPanel:1499 - setPackage(No Configuration,No Configuration)
2023-11-29 23:20:28,022 [INFO] CADModel:165 - CPN selected for project level
2023-11-29 23:20:28,022 [INFO] CADModel:114 - Register for checkConnection events
2023-11-29 23:20:28,046 [INFO] IPUIPlugin:80 - create IPUIPlugin
2023-11-29 23:20:28,046 [INFO] PluginManager:220 - loadIPPluginJar : add adc
2023-11-29 23:20:28,050 [INFO] IPUIPlugin:80 - create IPUIPlugin
2023-11-29 23:20:28,050 [INFO] PluginManager:220 - loadIPPluginJar : add aes
2023-11-29 23:20:28,055 [INFO] IPUIPlugin:80 - create IPUIPlugin
2023-11-29 23:20:28,055 [INFO] PluginManager:220 - loadIPPluginJar : add can
2023-11-29 23:20:28,058 [INFO] IPUIPlugin:80 - create IPUIPlugin
2023-11-29 23:20:28,058 [INFO] PluginManager:220 - loadIPPluginJar : add comp
2023-11-29 23:20:28,062 [INFO] IPUIPlugin:80 - create IPUIPlugin
2023-11-29 23:20:28,064 [INFO] PluginManager:220 - loadIPPluginJar : add cryp
2023-11-29 23:20:28,068 [INFO] IPUIPlugin:80 - create IPUIPlugin
2023-11-29 23:20:28,068 [INFO] PluginManager:220 - loadIPPluginJar : add dfsdm
2023-11-29 23:20:28,076 [INFO] IPUIPlugin:80 - create IPUIPlugin
2023-11-29 23:20:28,077 [INFO] PluginManager:220 - loadIPPluginJar : add dma
2023-11-29 23:20:28,081 [INFO] IPUIPlugin:80 - create IPUIPlugin
2023-11-29 23:20:28,082 [INFO] PluginManager:220 - loadIPPluginJar : add dma3
2023-11-29 23:20:28,085 [INFO] IPUIPlugin:80 - create IPUIPlugin
2023-11-29 23:20:28,085 [INFO] PluginManager:220 - loadIPPluginJar : add fatfs
2023-11-29 23:20:28,093 [INFO] IPUIPlugin:80 - create IPUIPlugin
2023-11-29 23:20:28,093 [INFO] PluginManager:220 - loadIPPluginJar : add fmc
2023-11-29 23:20:28,101 [INFO] IPUIPlugin:80 - create IPUIPlugin
2023-11-29 23:20:28,102 [INFO] PluginManager:220 - loadIPPluginJar : add freertos
2023-11-29 23:20:28,104 [INFO] IPUIPlugin:80 - create IPUIPlugin
2023-11-29 23:20:28,104 [INFO] PluginManager:220 - loadIPPluginJar : add genericplugin
2023-11-29 23:20:28,108 [INFO] IPUIPlugin:80 - create IPUIPlugin
2023-11-29 23:20:28,108 [INFO] PluginManager:220 - loadIPPluginJar : add gfxmmu
2023-11-29 23:20:28,116 [INFO] IPUIPlugin:80 - create IPUIPlugin
2023-11-29 23:20:28,117 [INFO] PluginManager:220 - loadIPPluginJar : add gic
2023-11-29 23:20:28,123 [INFO] IPUIPlugin:80 - create IPUIPlugin
2023-11-29 23:20:28,123 [INFO] PluginManager:220 - loadIPPluginJar : add gpio
2023-11-29 23:20:28,126 [INFO] IPUIPlugin:80 - create IPUIPlugin
2023-11-29 23:20:28,126 [INFO] PluginManager:220 - loadIPPluginJar : add gtzc
2023-11-29 23:20:28,130 [INFO] IPUIPlugin:80 - create IPUIPlugin
2023-11-29 23:20:28,130 [INFO] PluginManager:220 - loadIPPluginJar : add hash
2023-11-29 23:20:28,134 [INFO] IPUIPlugin:80 - create IPUIPlugin
2023-11-29 23:20:28,135 [INFO] PluginManager:220 - loadIPPluginJar : add i2c
2023-11-29 23:20:28,138 [INFO] IPUIPlugin:80 - create IPUIPlugin
2023-11-29 23:20:28,138 [INFO] PluginManager:220 - loadIPPluginJar : add i2s
2023-11-29 23:20:28,142 [INFO] IPUIPlugin:80 - create IPUIPlugin
2023-11-29 23:20:28,142 [INFO] PluginManager:220 - loadIPPluginJar : add i3c
2023-11-29 23:20:28,293 [INFO] IPUIPlugin:80 - create IPUIPlugin
2023-11-29 23:20:28,293 [INFO] PluginManager:220 - loadIPPluginJar : add ipddr
2023-11-29 23:20:28,303 [INFO] IPUIPlugin:80 - create IPUIPlugin
2023-11-29 23:20:28,304 [INFO] PluginManager:220 - loadIPPluginJar : add linkedlist
2023-11-29 23:20:28,308 [INFO] IPUIPlugin:80 - create IPUIPlugin
2023-11-29 23:20:28,308 [INFO] PluginManager:220 - loadIPPluginJar : add lorawan
2023-11-29 23:20:28,311 [INFO] IPUIPlugin:80 - create IPUIPlugin
2023-11-29 23:20:28,311 [INFO] PluginManager:220 - loadIPPluginJar : add ltdc
2023-11-29 23:20:28,321 [INFO] IPUIPlugin:80 - create IPUIPlugin
2023-11-29 23:20:28,321 [INFO] PluginManager:220 - loadIPPluginJar : add mdma
2023-11-29 23:20:28,328 [INFO] IPUIPlugin:80 - create IPUIPlugin
2023-11-29 23:20:28,328 [INFO] PluginManager:220 - loadIPPluginJar : add nvic
2023-11-29 23:20:28,333 [INFO] IPUIPlugin:80 - create IPUIPlugin
2023-11-29 23:20:28,334 [INFO] PluginManager:220 - loadIPPluginJar : add opamp
2023-11-29 23:20:28,339 [INFO] IPUIPlugin:80 - create IPUIPlugin
2023-11-29 23:20:28,339 [INFO] PluginManager:220 - loadIPPluginJar : add openamp
2023-11-29 23:20:28,345 [INFO] IPUIPlugin:80 - create IPUIPlugin
2023-11-29 23:20:28,345 [INFO] PluginManager:220 - loadIPPluginJar : add pdm2pcm
2023-11-29 23:20:28,355 [INFO] IPUIPlugin:80 - create IPUIPlugin
2023-11-29 23:20:28,359 [INFO] PluginManager:220 - loadIPPluginJar : add plateformsettings
2023-11-29 23:20:28,361 [INFO] IPUIPlugin:80 - create IPUIPlugin
2023-11-29 23:20:28,362 [INFO] PluginManager:220 - loadIPPluginJar : add quadspi
2023-11-29 23:20:28,368 [INFO] IPUIPlugin:80 - create IPUIPlugin
2023-11-29 23:20:28,368 [INFO] PluginManager:220 - loadIPPluginJar : add resmgrutility
2023-11-29 23:20:28,372 [INFO] IPUIPlugin:80 - create IPUIPlugin
2023-11-29 23:20:28,372 [INFO] PluginManager:220 - loadIPPluginJar : add sai
2023-11-29 23:20:28,375 [INFO] IPUIPlugin:80 - create IPUIPlugin
2023-11-29 23:20:28,375 [INFO] PluginManager:220 - loadIPPluginJar : add spi
2023-11-29 23:20:28,384 [INFO] IPUIPlugin:80 - create IPUIPlugin
2023-11-29 23:20:28,384 [INFO] PluginManager:220 - loadIPPluginJar : add stm32_wpan
2023-11-29 23:20:28,387 [INFO] IPUIPlugin:80 - create IPUIPlugin
2023-11-29 23:20:28,388 [INFO] PluginManager:220 - loadIPPluginJar : add tim
2023-11-29 23:20:28,393 [INFO] IPUIPlugin:80 - create IPUIPlugin
2023-11-29 23:20:28,393 [INFO] PluginManager:220 - loadIPPluginJar : add touchsensing
2023-11-29 23:20:28,396 [INFO] IPUIPlugin:80 - create IPUIPlugin
2023-11-29 23:20:28,396 [INFO] PluginManager:220 - loadIPPluginJar : add tracer_emb
2023-11-29 23:20:28,401 [INFO] IPUIPlugin:80 - create IPUIPlugin
2023-11-29 23:20:28,401 [INFO] PluginManager:220 - loadIPPluginJar : add ts
2023-11-29 23:20:28,404 [INFO] IPUIPlugin:80 - create IPUIPlugin
2023-11-29 23:20:28,404 [INFO] PluginManager:220 - loadIPPluginJar : add tsc
2023-11-29 23:20:28,408 [INFO] IPUIPlugin:80 - create IPUIPlugin
2023-11-29 23:20:28,408 [INFO] PluginManager:220 - loadIPPluginJar : add ucpd
2023-11-29 23:20:28,413 [INFO] IPUIPlugin:80 - create IPUIPlugin
2023-11-29 23:20:28,414 [INFO] PluginManager:220 - loadIPPluginJar : add usart
2023-11-29 23:20:28,420 [INFO] IPUIPlugin:80 - create IPUIPlugin
2023-11-29 23:20:28,421 [INFO] PluginManager:220 - loadIPPluginJar : add usbx
2023-11-29 23:20:28,602 [INFO] CADModel:165 - CPN selected for project level
2023-11-29 23:20:28,602 [INFO] CADModel:114 - Register for checkConnection events
2023-11-29 23:20:28,602 [FATAL] Updater:308 - Updater called before beeing initialized
2023-11-29 23:20:28,602 [ERROR] CADModel:125 - Updater not yet initialized, retry later 
2023-11-29 23:20:28,814 [INFO] CADModel:165 - CPN selected for project level
2023-11-29 23:20:28,814 [INFO] CADModel:114 - Register for checkConnection events
2023-11-29 23:20:28,814 [FATAL] Updater:308 - Updater called before beeing initialized
2023-11-29 23:20:28,814 [ERROR] CADModel:125 - Updater not yet initialized, retry later 
2023-11-29 23:20:28,819 [FATAL] Updater:308 - Updater called before beeing initialized
2023-11-29 23:20:29,121 [FATAL] Updater:308 - Updater called before beeing initialized
2023-11-29 23:20:29,136 [INFO] DbMcusAds:53 - JSON generation date=Wed Nov 29 05:52:27 PET 2023 (1701255147349)
2023-11-29 23:20:29,136 [FATAL] Updater:308 - Updater called before beeing initialized
2023-11-29 23:20:29,201 [WARN] DetailPanel:346 - Failed to get advertising image, set to default
2023-11-29 23:20:29,327 [FATAL] Updater:308 - Updater called before beeing initialized
2023-11-29 23:20:29,330 [FATAL] Updater:308 - Updater called before beeing initialized
2023-11-29 23:20:29,330 [FATAL] Updater:308 - Updater called before beeing initialized
2023-11-29 23:20:29,331 [WARN] DetailPanel:346 - Failed to get advertising image, set to default
2023-11-29 23:20:29,332 [FATAL] Updater:308 - Updater called before beeing initialized
2023-11-29 23:20:29,468 [ERROR] Updater:1120 - MainUpdater not yet initialized. External WinMGr cannot be set.
2023-11-29 23:20:29,485 [INFO] Updater:1056 - Updater Version found : 6.10.0
2023-11-29 23:20:29,512 [INFO] ApplicationProperties:184 - Using Application install path: C:\ST\STM32CubeIDE_1.13.0\STM32CubeIDE\plugins\com.st.stm32cube.common.mx_6.10.0.202311202037
2023-11-29 23:20:29,544 [INFO] MainUpdater:5292 - Software Update Detected: STM32CubeMX
2023-11-29 23:20:30,181 [INFO] ThirdPartyUpdaterWithRetryManager:70 - Updater plugin not ready yet. [2/15]
2023-11-29 23:20:33,183 [FATAL] Updater:308 - Updater called before beeing initialized
2023-11-29 23:20:33,184 [ERROR] IntegrityCheckThread:130 - Cannot retrieve database content from updater: error 21
2023-11-29 23:20:33,185 [INFO] ThirdParty:978 - Integrity check success = false
2023-11-29 23:20:33,185 [INFO] IntegrityCheckThread:100 - exiting critical section [integrity check]
2023-11-29 23:20:33,185 [INFO] IntegrityCheckThread:103 - End integrity checks thread
2023-11-29 23:20:33,218 [INFO] McuFinderGlobals:63 - Set McuFinder mode to 2 (CubeIDE integrated)
2023-11-29 23:20:35,613 [INFO] UpgradeLauncher:84 - Launching upgrade utility for software upgrade type: (MX) upgradeMode ( Rel)
2023-11-29 23:20:35,694 [INFO] UpgradeLauncher:93 - Upgrade utility launched for software upgrade
2023-11-29 23:52:20,757 [INFO] Activator:176 - 


2023-11-29 23:52:20,771 [INFO] Activator:177 - !SESSION log4j initialized
2023-11-29 23:52:24,157 [INFO] LogOutputStream:77 - [STDOUT_REDIRECT] 
2023-11-29 23:52:27,663 [INFO] ApplicationProperties:184 - Using Application install path: C:\ST\STM32CubeIDE_1.13.0\STM32CubeIDE\plugins\com.st.stm32cube.common.mx_6.10.0.202311202037
2023-11-29 23:52:27,692 [INFO] DbMcusXml:78 - Set database path to: C:\ST\STM32CubeIDE_1.13.0\STM32CubeIDE\plugins\com.st.stm32cube.common.mx_6.10.0.202311202037\\db\/mcu/
2023-11-29 23:52:27,693 [INFO] ApiDb:274 - Set plugin database path to: C:\ST\STM32CubeIDE_1.13.0\STM32CubeIDE\plugins\com.st.stm32cube.common.mx_6.10.0.202311202037\\db\/plugins/boardmanager/
2023-11-29 23:52:27,694 [WARN] ApiDb:259 - Overriding images path with different value:  => C:\ST\STM32CubeIDE_1.13.0\STM32CubeIDE\plugins\com.st.stm32cube.common.mx_6.10.0.202311202037\\db\/plugins/mcufinder/images/
2023-11-29 23:52:27,709 [INFO] ApiDb:250 - Set database path to: C:\Users\jeffr\.stmcufinder\plugins\mcufinder//mcu/
2023-11-29 23:52:27,711 [INFO] DbMcusAds:125 - Set database path to: C:\Users\jeffr\.stmcufinder\plugins\mcufinder//mcu/
2023-11-29 23:52:27,715 [INFO] CrossReferenceDbSqlite:203 - Set database path to: C:\Users\jeffr\.stmcufinder\plugins\mcufinder//mcu/cs/
2023-11-29 23:52:27,878 [INFO] RulesReader:64 - Compatibility file has been processed (297 Rules)
2023-11-29 23:52:28,004 [INFO] DbMcusXml:78 - Set database path to: C:\ST\STM32CubeIDE_1.13.0\STM32CubeIDE\plugins\com.st.stm32cube.common.mx_6.10.0.202311202037\\db\/mcu/
2023-11-29 23:52:28,120 [INFO] ApiDb:274 - Set plugin database path to: C:\ST\STM32CubeIDE_1.13.0\STM32CubeIDE\plugins\com.st.stm32cube.common.mx_6.10.0.202311202037\\db\/plugins/boardmanager/
2023-11-29 23:52:28,120 [INFO] ApiDb:261 - Set plugin images path to: C:\ST\STM32CubeIDE_1.13.0\STM32CubeIDE\plugins\com.st.stm32cube.common.mx_6.10.0.202311202037\\db\/plugins/mcufinder/images/
2023-11-29 23:52:28,120 [WARN] DbFile:41 - Overriding database path with different value: C:\Users\jeffr\.stmcufinder\plugins\mcufinder/ => C:\Users\jeffr\.stmcufinder\plugins\mcufinder
2023-11-29 23:52:28,121 [INFO] ApiDb:250 - Set database path to: C:\Users\jeffr\.stmcufinder\plugins\mcufinder//mcu/
2023-11-29 23:52:28,121 [WARN] DbFile:41 - Overriding database path with different value: C:\Users\jeffr\.stmcufinder\plugins\mcufinder/ => C:\Users\jeffr\.stmcufinder\plugins\mcufinder
2023-11-29 23:52:28,121 [INFO] DbMcusAds:125 - Set database path to: C:\Users\jeffr\.stmcufinder\plugins\mcufinder//mcu/
2023-11-29 23:52:28,121 [WARN] DbFile:41 - Overriding database path with different value: C:\Users\jeffr\.stmcufinder\plugins\mcufinder/ => C:\Users\jeffr\.stmcufinder\plugins\mcufinder
2023-11-29 23:52:28,121 [WARN] DbFile:41 - Overriding database path with different value: C:\Users\jeffr\.stmcufinder\plugins\mcufinder/ => C:\Users\jeffr\.stmcufinder\plugins\mcufinder
2023-11-29 23:52:28,121 [INFO] CrossReferenceDbSqlite:203 - Set database path to: C:\Users\jeffr\.stmcufinder\plugins\mcufinder//mcu/cs/
2023-11-29 23:52:28,250 [INFO] MainPanel:264 - HeapMemory: 268435456
2023-11-29 23:52:28,416 [INFO] DbMcusXml:78 - Set database path to: C:\ST\STM32CubeIDE_1.13.0\STM32CubeIDE\plugins\com.st.stm32cube.common.mx_6.10.0.202311202037\\db\/mcu/
2023-11-29 23:52:28,416 [INFO] ApiDb:274 - Set plugin database path to: C:\ST\STM32CubeIDE_1.13.0\STM32CubeIDE\plugins\com.st.stm32cube.common.mx_6.10.0.202311202037\\db\/plugins/boardmanager/
2023-11-29 23:52:28,417 [INFO] ApiDb:261 - Set plugin images path to: C:\ST\STM32CubeIDE_1.13.0\STM32CubeIDE\plugins\com.st.stm32cube.common.mx_6.10.0.202311202037\\db\/plugins/mcufinder/images/
2023-11-29 23:52:28,417 [WARN] DbFile:41 - Overriding database path with different value: C:\Users\jeffr\.stmcufinder\plugins\mcufinder/ => C:\Users\jeffr\.stmcufinder\plugins\mcufinder
2023-11-29 23:52:28,418 [INFO] ApiDb:250 - Set database path to: C:\Users\jeffr\.stmcufinder\plugins\mcufinder//mcu/
2023-11-29 23:52:28,418 [WARN] DbFile:41 - Overriding database path with different value: C:\Users\jeffr\.stmcufinder\plugins\mcufinder/ => C:\Users\jeffr\.stmcufinder\plugins\mcufinder
2023-11-29 23:52:28,418 [INFO] DbMcusAds:125 - Set database path to: C:\Users\jeffr\.stmcufinder\plugins\mcufinder//mcu/
2023-11-29 23:52:28,418 [WARN] DbFile:41 - Overriding database path with different value: C:\Users\jeffr\.stmcufinder\plugins\mcufinder/ => C:\Users\jeffr\.stmcufinder\plugins\mcufinder
2023-11-29 23:52:28,418 [WARN] DbFile:41 - Overriding database path with different value: C:\Users\jeffr\.stmcufinder\plugins\mcufinder/ => C:\Users\jeffr\.stmcufinder\plugins\mcufinder
2023-11-29 23:52:28,418 [INFO] CrossReferenceDbSqlite:203 - Set database path to: C:\Users\jeffr\.stmcufinder\plugins\mcufinder//mcu/cs/
2023-11-29 23:52:28,450 [INFO] ApplicationProperties:184 - Using Application install path: C:\ST\STM32CubeIDE_1.13.0\STM32CubeIDE\plugins\com.st.stm32cube.common.mx_6.10.0.202311202037
2023-11-29 23:52:28,454 [INFO] PluginManage:196 - Search for loadable plugins [exclusion list=, ]
2023-11-29 23:52:28,457 [INFO] PluginManage:310 - Check plugin analytics
2023-11-29 23:52:28,943 [INFO] AnalyticsPlugin:253 - Accepted Software Licenses: STM32CubeMX.6.8.1,STM32CubeMX.6.10.0
2023-11-29 23:52:28,943 [INFO] AnalyticsPlugin:255 - Accepted CMSIS Pack Licenses: STMicroelectronics.X-CUBE-AZRTOS-F4.1.1.0,STMicroelectronics.X-CUBE-FREERTOS.1.0.1
2023-11-29 23:52:28,944 [INFO] AnalyticsPlugin:257 - Accepted Firmware Licenses: FW.U5.1.3.0,FW.C0.1.1.0,FW.F7.1.17.0
2023-11-29 23:52:28,949 [INFO] PluginManage:359 - Loaded plugin analytics (category:tool,tabindex:-1)
2023-11-29 23:52:28,949 [INFO] PluginManage:310 - Check plugin cadmodel
2023-11-29 23:52:28,959 [INFO] CADModel:105 - Init CAD model plugin
2023-11-29 23:52:28,959 [INFO] PluginManage:359 - Loaded plugin cadmodel (category:power,tabindex:5)
2023-11-29 23:52:28,959 [INFO] PluginManage:310 - Check plugin clock
2023-11-29 23:52:28,980 [INFO] PluginManage:359 - Loaded plugin clock (category:base,tabindex:2)
2023-11-29 23:52:28,981 [INFO] PluginManage:310 - Check plugin ddr
2023-11-29 23:52:28,986 [INFO] PluginManage:359 - Loaded plugin ddr (category:tool,tabindex:6)
2023-11-29 23:52:28,986 [INFO] PluginManage:310 - Check plugin filemanager
2023-11-29 23:52:29,265 [INFO] PluginManage:359 - Loaded plugin filemanager (category:base,tabindex:10)
2023-11-29 23:52:29,266 [INFO] PluginManage:310 - Check plugin ipmanager
2023-11-29 23:52:29,286 [INFO] PluginManage:359 - Loaded plugin ipmanager (category:base,tabindex:5)
2023-11-29 23:52:29,288 [INFO] PluginManage:310 - Check plugin lpbam
2023-11-29 23:52:29,313 [INFO] PluginManage:359 - Loaded plugin lpbam (category:base,tabindex:0)
2023-11-29 23:52:29,313 [INFO] PluginManage:310 - Check plugin memorymap
2023-11-29 23:52:29,345 [INFO] PluginManage:359 - Loaded plugin memorymap (category:base,tabindex:4)
2023-11-29 23:52:29,346 [INFO] PluginManage:310 - Check plugin pinoutandconfiguration
2023-11-29 23:52:29,388 [INFO] PluginManage:359 - Loaded plugin pinoutandconfiguration (category:base,tabindex:1)
2023-11-29 23:52:29,389 [INFO] PluginManage:310 - Check plugin pinoutconfig
2023-11-29 23:52:29,565 [WARN] SupportedApi:132 - Cannot load RTOS API schema: s4s-elt-must-match.1: The content of 'definitions' must match (annotation?, (simpleType | complexType)?, (unique | key | keyref)*)). A problem was found starting at: attribute.
2023-11-29 23:52:29,792 [INFO] PluginManage:359 - Loaded plugin pinoutconfig (category:base,tabindex:0)
2023-11-29 23:52:29,792 [INFO] PluginManage:310 - Check plugin power
2023-11-29 23:52:29,810 [INFO] PluginManage:359 - Loaded plugin power (category:power,tabindex:4)
2023-11-29 23:52:29,811 [INFO] PluginManage:310 - Check plugin projectmanager
2023-11-29 23:52:29,839 [INFO] PluginManage:359 - Loaded plugin projectmanager (category:projectmanager,tabindex:3)
2023-11-29 23:52:29,840 [INFO] PluginManage:310 - Check plugin thirdparty
2023-11-29 23:52:30,068 [INFO] PluginManage:359 - Loaded plugin thirdparty (category:base,tabindex:-1)
2023-11-29 23:52:30,069 [INFO] PluginManage:310 - Check plugin tools
2023-11-29 23:52:30,069 [WARN] IntegrityCheckThread:84 - waiting for thirdparty lock release [integrity check]
2023-11-29 23:52:30,070 [INFO] IntegrityCheckThread:86 - entering critical section [integrity check]
2023-11-29 23:52:30,071 [INFO] ThirdPartyUpdaterWithRetryManager:70 - Updater plugin not ready yet. [1/15]
2023-11-29 23:52:30,074 [INFO] PluginManage:359 - Loaded plugin tools (category:base,tabindex:7)
2023-11-29 23:52:30,074 [INFO] PluginManage:310 - Check plugin tutovideos
2023-11-29 23:52:30,391 [INFO] PluginManage:359 - Loaded plugin tutovideos (category:base,tabindex:-1)
2023-11-29 23:52:30,392 [INFO] PluginManage:310 - Check plugin updater
2023-11-29 23:52:30,411 [INFO] PluginManage:359 - Loaded plugin updater (category:base,tabindex:12)
2023-11-29 23:52:30,411 [INFO] PluginManage:310 - Check plugin userauth
2023-11-29 23:52:30,420 [INFO] UserAuth:114 - Init User Auth plugin
2023-11-29 23:52:30,420 [INFO] PluginManage:359 - Loaded plugin userauth (category:base,tabindex:14)
2023-11-29 23:52:30,420 [INFO] PluginManage:283 - PluginManage : Loaded plugins [17]
2023-11-29 23:52:30,879 [INFO] PinOutPanel:1499 - setPackage(No Configuration,No Configuration)
2023-11-29 23:52:31,008 [INFO] CADModel:165 - CPN selected for project level
2023-11-29 23:52:31,008 [INFO] CADModel:114 - Register for checkConnection events
2023-11-29 23:52:31,038 [INFO] IPUIPlugin:80 - create IPUIPlugin
2023-11-29 23:52:31,039 [INFO] PluginManager:220 - loadIPPluginJar : add adc
2023-11-29 23:52:31,134 [INFO] IPUIPlugin:80 - create IPUIPlugin
2023-11-29 23:52:31,135 [INFO] PluginManager:220 - loadIPPluginJar : add aes
2023-11-29 23:52:31,141 [INFO] IPUIPlugin:80 - create IPUIPlugin
2023-11-29 23:52:31,142 [INFO] PluginManager:220 - loadIPPluginJar : add can
2023-11-29 23:52:31,145 [INFO] IPUIPlugin:80 - create IPUIPlugin
2023-11-29 23:52:31,145 [INFO] PluginManager:220 - loadIPPluginJar : add comp
2023-11-29 23:52:31,151 [INFO] IPUIPlugin:80 - create IPUIPlugin
2023-11-29 23:52:31,152 [INFO] PluginManager:220 - loadIPPluginJar : add cryp
2023-11-29 23:52:31,156 [INFO] IPUIPlugin:80 - create IPUIPlugin
2023-11-29 23:52:31,156 [INFO] PluginManager:220 - loadIPPluginJar : add dfsdm
2023-11-29 23:52:31,166 [INFO] IPUIPlugin:80 - create IPUIPlugin
2023-11-29 23:52:31,167 [INFO] PluginManager:220 - loadIPPluginJar : add dma
2023-11-29 23:52:31,171 [INFO] IPUIPlugin:80 - create IPUIPlugin
2023-11-29 23:52:31,171 [INFO] PluginManager:220 - loadIPPluginJar : add dma3
2023-11-29 23:52:31,174 [INFO] IPUIPlugin:80 - create IPUIPlugin
2023-11-29 23:52:31,174 [INFO] PluginManager:220 - loadIPPluginJar : add fatfs
2023-11-29 23:52:31,179 [INFO] IPUIPlugin:80 - create IPUIPlugin
2023-11-29 23:52:31,179 [INFO] PluginManager:220 - loadIPPluginJar : add fmc
2023-11-29 23:52:31,189 [INFO] IPUIPlugin:80 - create IPUIPlugin
2023-11-29 23:52:31,190 [INFO] PluginManager:220 - loadIPPluginJar : add freertos
2023-11-29 23:52:31,192 [INFO] IPUIPlugin:80 - create IPUIPlugin
2023-11-29 23:52:31,192 [INFO] PluginManager:220 - loadIPPluginJar : add genericplugin
2023-11-29 23:52:31,195 [INFO] IPUIPlugin:80 - create IPUIPlugin
2023-11-29 23:52:31,195 [INFO] PluginManager:220 - loadIPPluginJar : add gfxmmu
2023-11-29 23:52:31,204 [INFO] IPUIPlugin:80 - create IPUIPlugin
2023-11-29 23:52:31,204 [INFO] PluginManager:220 - loadIPPluginJar : add gic
2023-11-29 23:52:31,210 [INFO] IPUIPlugin:80 - create IPUIPlugin
2023-11-29 23:52:31,210 [INFO] PluginManager:220 - loadIPPluginJar : add gpio
2023-11-29 23:52:31,215 [INFO] IPUIPlugin:80 - create IPUIPlugin
2023-11-29 23:52:31,215 [INFO] PluginManager:220 - loadIPPluginJar : add gtzc
2023-11-29 23:52:31,220 [INFO] IPUIPlugin:80 - create IPUIPlugin
2023-11-29 23:52:31,220 [INFO] PluginManager:220 - loadIPPluginJar : add hash
2023-11-29 23:52:31,224 [INFO] IPUIPlugin:80 - create IPUIPlugin
2023-11-29 23:52:31,225 [INFO] PluginManager:220 - loadIPPluginJar : add i2c
2023-11-29 23:52:31,229 [INFO] IPUIPlugin:80 - create IPUIPlugin
2023-11-29 23:52:31,229 [INFO] PluginManager:220 - loadIPPluginJar : add i2s
2023-11-29 23:52:31,234 [INFO] IPUIPlugin:80 - create IPUIPlugin
2023-11-29 23:52:31,234 [INFO] PluginManager:220 - loadIPPluginJar : add i3c
2023-11-29 23:52:31,239 [INFO] IPUIPlugin:80 - create IPUIPlugin
2023-11-29 23:52:31,239 [INFO] PluginManager:220 - loadIPPluginJar : add ipddr
2023-11-29 23:52:31,247 [INFO] IPUIPlugin:80 - create IPUIPlugin
2023-11-29 23:52:31,248 [INFO] PluginManager:220 - loadIPPluginJar : add linkedlist
2023-11-29 23:52:31,252 [INFO] IPUIPlugin:80 - create IPUIPlugin
2023-11-29 23:52:31,252 [INFO] PluginManager:220 - loadIPPluginJar : add lorawan
2023-11-29 23:52:31,254 [INFO] IPUIPlugin:80 - create IPUIPlugin
2023-11-29 23:52:31,254 [INFO] PluginManager:220 - loadIPPluginJar : add ltdc
2023-11-29 23:52:31,261 [INFO] IPUIPlugin:80 - create IPUIPlugin
2023-11-29 23:52:31,261 [INFO] PluginManager:220 - loadIPPluginJar : add mdma
2023-11-29 23:52:31,267 [INFO] IPUIPlugin:80 - create IPUIPlugin
2023-11-29 23:52:31,268 [INFO] PluginManager:220 - loadIPPluginJar : add nvic
2023-11-29 23:52:31,272 [INFO] IPUIPlugin:80 - create IPUIPlugin
2023-11-29 23:52:31,272 [INFO] PluginManager:220 - loadIPPluginJar : add opamp
2023-11-29 23:52:31,278 [INFO] IPUIPlugin:80 - create IPUIPlugin
2023-11-29 23:52:31,278 [INFO] PluginManager:220 - loadIPPluginJar : add openamp
2023-11-29 23:52:31,283 [INFO] IPUIPlugin:80 - create IPUIPlugin
2023-11-29 23:52:31,283 [INFO] PluginManager:220 - loadIPPluginJar : add pdm2pcm
2023-11-29 23:52:31,294 [INFO] IPUIPlugin:80 - create IPUIPlugin
2023-11-29 23:52:31,297 [INFO] PluginManager:220 - loadIPPluginJar : add plateformsettings
2023-11-29 23:52:31,300 [INFO] IPUIPlugin:80 - create IPUIPlugin
2023-11-29 23:52:31,301 [INFO] PluginManager:220 - loadIPPluginJar : add quadspi
2023-11-29 23:52:31,307 [INFO] IPUIPlugin:80 - create IPUIPlugin
2023-11-29 23:52:31,307 [INFO] PluginManager:220 - loadIPPluginJar : add resmgrutility
2023-11-29 23:52:31,311 [INFO] IPUIPlugin:80 - create IPUIPlugin
2023-11-29 23:52:31,312 [INFO] PluginManager:220 - loadIPPluginJar : add sai
2023-11-29 23:52:31,316 [INFO] IPUIPlugin:80 - create IPUIPlugin
2023-11-29 23:52:31,317 [INFO] PluginManager:220 - loadIPPluginJar : add spi
2023-11-29 23:52:31,327 [INFO] IPUIPlugin:80 - create IPUIPlugin
2023-11-29 23:52:31,327 [INFO] PluginManager:220 - loadIPPluginJar : add stm32_wpan
2023-11-29 23:52:31,332 [INFO] IPUIPlugin:80 - create IPUIPlugin
2023-11-29 23:52:31,332 [INFO] PluginManager:220 - loadIPPluginJar : add tim
2023-11-29 23:52:31,339 [INFO] IPUIPlugin:80 - create IPUIPlugin
2023-11-29 23:52:31,340 [INFO] PluginManager:220 - loadIPPluginJar : add touchsensing
2023-11-29 23:52:31,345 [INFO] IPUIPlugin:80 - create IPUIPlugin
2023-11-29 23:52:31,345 [INFO] PluginManager:220 - loadIPPluginJar : add tracer_emb
2023-11-29 23:52:31,350 [INFO] IPUIPlugin:80 - create IPUIPlugin
2023-11-29 23:52:31,350 [INFO] PluginManager:220 - loadIPPluginJar : add ts
2023-11-29 23:52:31,353 [INFO] IPUIPlugin:80 - create IPUIPlugin
2023-11-29 23:52:31,353 [INFO] PluginManager:220 - loadIPPluginJar : add tsc
2023-11-29 23:52:31,357 [INFO] IPUIPlugin:80 - create IPUIPlugin
2023-11-29 23:52:31,357 [INFO] PluginManager:220 - loadIPPluginJar : add ucpd
2023-11-29 23:52:31,361 [INFO] IPUIPlugin:80 - create IPUIPlugin
2023-11-29 23:52:31,361 [INFO] PluginManager:220 - loadIPPluginJar : add usart
2023-11-29 23:52:31,361 [INFO] IPUIPlugin:80 - create IPUIPlugin
2023-11-29 23:52:31,361 [INFO] PluginManager:220 - loadIPPluginJar : add usbx
2023-11-29 23:52:31,584 [INFO] CADModel:165 - CPN selected for project level
2023-11-29 23:52:31,584 [INFO] CADModel:114 - Register for checkConnection events
2023-11-29 23:52:31,585 [FATAL] Updater:308 - Updater called before beeing initialized
2023-11-29 23:52:31,585 [ERROR] CADModel:125 - Updater not yet initialized, retry later 
2023-11-29 23:52:31,844 [INFO] CADModel:165 - CPN selected for project level
2023-11-29 23:52:31,844 [INFO] CADModel:114 - Register for checkConnection events
2023-11-29 23:52:31,844 [FATAL] Updater:308 - Updater called before beeing initialized
2023-11-29 23:52:31,844 [ERROR] CADModel:125 - Updater not yet initialized, retry later 
2023-11-29 23:52:31,844 [FATAL] Updater:308 - Updater called before beeing initialized
2023-11-29 23:52:32,247 [FATAL] Updater:308 - Updater called before beeing initialized
2023-11-29 23:52:32,254 [INFO] DbMcusAds:53 - JSON generation date=Wed Nov 29 05:52:27 PET 2023 (1701255147349)
2023-11-29 23:52:32,255 [FATAL] Updater:308 - Updater called before beeing initialized
2023-11-29 23:52:32,306 [WARN] DetailPanel:346 - Failed to get advertising image, set to default
2023-11-29 23:52:32,424 [FATAL] Updater:308 - Updater called before beeing initialized
2023-11-29 23:52:32,426 [FATAL] Updater:308 - Updater called before beeing initialized
2023-11-29 23:52:32,426 [FATAL] Updater:308 - Updater called before beeing initialized
2023-11-29 23:52:32,426 [WARN] DetailPanel:346 - Failed to get advertising image, set to default
2023-11-29 23:52:32,428 [FATAL] Updater:308 - Updater called before beeing initialized
2023-11-29 23:52:32,512 [ERROR] Updater:1120 - MainUpdater not yet initialized. External WinMGr cannot be set.
2023-11-29 23:52:32,516 [INFO] Updater:1056 - Updater Version found : 6.10.0
2023-11-29 23:52:32,540 [INFO] ApplicationProperties:184 - Using Application install path: C:\ST\STM32CubeIDE_1.13.0\STM32CubeIDE\plugins\com.st.stm32cube.common.mx_6.10.0.202311202037
2023-11-29 23:52:32,557 [INFO] MainUpdater:5292 - Software Update Detected: STM32CubeMX
2023-11-29 23:52:33,082 [INFO] ThirdPartyUpdaterWithRetryManager:70 - Updater plugin not ready yet. [2/15]
2023-11-29 23:52:36,098 [FATAL] Updater:308 - Updater called before beeing initialized
2023-11-29 23:52:36,098 [ERROR] IntegrityCheckThread:130 - Cannot retrieve database content from updater: error 21
2023-11-29 23:52:36,098 [INFO] ThirdParty:978 - Integrity check success = false
2023-11-29 23:52:36,098 [INFO] IntegrityCheckThread:100 - exiting critical section [integrity check]
2023-11-29 23:52:36,098 [INFO] IntegrityCheckThread:103 - End integrity checks thread
2023-11-29 23:52:39,596 [INFO] UpgradeLauncher:84 - Launching upgrade utility for software upgrade type: (MX) upgradeMode ( Rel)
2023-11-29 23:52:40,051 [INFO] UpgradeLauncher:93 - Upgrade utility launched for software upgrade
2023-11-29 23:54:09,288 [INFO] Activator:176 - 


2023-11-29 23:54:09,298 [INFO] Activator:177 - !SESSION log4j initialized
2023-11-29 23:54:12,380 [INFO] LogOutputStream:77 - [STDOUT_REDIRECT] 
2023-11-29 23:54:15,498 [INFO] ApplicationProperties:184 - Using Application install path: C:\ST\STM32CubeIDE_1.13.0\STM32CubeIDE\plugins\com.st.stm32cube.common.mx_6.10.0.202311202037
2023-11-29 23:54:15,527 [INFO] DbMcusXml:78 - Set database path to: C:\ST\STM32CubeIDE_1.13.0\STM32CubeIDE\plugins\com.st.stm32cube.common.mx_6.10.0.202311202037\\db\/mcu/
2023-11-29 23:54:15,528 [INFO] ApiDb:274 - Set plugin database path to: C:\ST\STM32CubeIDE_1.13.0\STM32CubeIDE\plugins\com.st.stm32cube.common.mx_6.10.0.202311202037\\db\/plugins/boardmanager/
2023-11-29 23:54:15,528 [WARN] ApiDb:259 - Overriding images path with different value:  => C:\ST\STM32CubeIDE_1.13.0\STM32CubeIDE\plugins\com.st.stm32cube.common.mx_6.10.0.202311202037\\db\/plugins/mcufinder/images/
2023-11-29 23:54:15,538 [INFO] ApiDb:250 - Set database path to: C:\Users\jeffr\.stmcufinder\plugins\mcufinder//mcu/
2023-11-29 23:54:15,540 [INFO] DbMcusAds:125 - Set database path to: C:\Users\jeffr\.stmcufinder\plugins\mcufinder//mcu/
2023-11-29 23:54:15,545 [INFO] CrossReferenceDbSqlite:203 - Set database path to: C:\Users\jeffr\.stmcufinder\plugins\mcufinder//mcu/cs/
2023-11-29 23:54:15,708 [INFO] RulesReader:64 - Compatibility file has been processed (297 Rules)
2023-11-29 23:54:15,832 [INFO] DbMcusXml:78 - Set database path to: C:\ST\STM32CubeIDE_1.13.0\STM32CubeIDE\plugins\com.st.stm32cube.common.mx_6.10.0.202311202037\\db\/mcu/
2023-11-29 23:54:15,832 [INFO] ApiDb:274 - Set plugin database path to: C:\ST\STM32CubeIDE_1.13.0\STM32CubeIDE\plugins\com.st.stm32cube.common.mx_6.10.0.202311202037\\db\/plugins/boardmanager/
2023-11-29 23:54:15,833 [INFO] ApiDb:261 - Set plugin images path to: C:\ST\STM32CubeIDE_1.13.0\STM32CubeIDE\plugins\com.st.stm32cube.common.mx_6.10.0.202311202037\\db\/plugins/mcufinder/images/
2023-11-29 23:54:15,833 [WARN] DbFile:41 - Overriding database path with different value: C:\Users\jeffr\.stmcufinder\plugins\mcufinder/ => C:\Users\jeffr\.stmcufinder\plugins\mcufinder
2023-11-29 23:54:15,833 [INFO] ApiDb:250 - Set database path to: C:\Users\jeffr\.stmcufinder\plugins\mcufinder//mcu/
2023-11-29 23:54:15,833 [WARN] DbFile:41 - Overriding database path with different value: C:\Users\jeffr\.stmcufinder\plugins\mcufinder/ => C:\Users\jeffr\.stmcufinder\plugins\mcufinder
2023-11-29 23:54:15,834 [INFO] DbMcusAds:125 - Set database path to: C:\Users\jeffr\.stmcufinder\plugins\mcufinder//mcu/
2023-11-29 23:54:15,834 [WARN] DbFile:41 - Overriding database path with different value: C:\Users\jeffr\.stmcufinder\plugins\mcufinder/ => C:\Users\jeffr\.stmcufinder\plugins\mcufinder
2023-11-29 23:54:15,834 [WARN] DbFile:41 - Overriding database path with different value: C:\Users\jeffr\.stmcufinder\plugins\mcufinder/ => C:\Users\jeffr\.stmcufinder\plugins\mcufinder
2023-11-29 23:54:15,834 [INFO] CrossReferenceDbSqlite:203 - Set database path to: C:\Users\jeffr\.stmcufinder\plugins\mcufinder//mcu/cs/
2023-11-29 23:54:15,980 [INFO] MainPanel:264 - HeapMemory: 268435456
2023-11-29 23:54:16,094 [INFO] DbMcusXml:78 - Set database path to: C:\ST\STM32CubeIDE_1.13.0\STM32CubeIDE\plugins\com.st.stm32cube.common.mx_6.10.0.202311202037\\db\/mcu/
2023-11-29 23:54:16,094 [INFO] ApiDb:274 - Set plugin database path to: C:\ST\STM32CubeIDE_1.13.0\STM32CubeIDE\plugins\com.st.stm32cube.common.mx_6.10.0.202311202037\\db\/plugins/boardmanager/
2023-11-29 23:54:16,094 [INFO] ApiDb:261 - Set plugin images path to: C:\ST\STM32CubeIDE_1.13.0\STM32CubeIDE\plugins\com.st.stm32cube.common.mx_6.10.0.202311202037\\db\/plugins/mcufinder/images/
2023-11-29 23:54:16,094 [WARN] DbFile:41 - Overriding database path with different value: C:\Users\jeffr\.stmcufinder\plugins\mcufinder/ => C:\Users\jeffr\.stmcufinder\plugins\mcufinder
2023-11-29 23:54:16,095 [INFO] ApiDb:250 - Set database path to: C:\Users\jeffr\.stmcufinder\plugins\mcufinder//mcu/
2023-11-29 23:54:16,095 [WARN] DbFile:41 - Overriding database path with different value: C:\Users\jeffr\.stmcufinder\plugins\mcufinder/ => C:\Users\jeffr\.stmcufinder\plugins\mcufinder
2023-11-29 23:54:16,095 [INFO] DbMcusAds:125 - Set database path to: C:\Users\jeffr\.stmcufinder\plugins\mcufinder//mcu/
2023-11-29 23:54:16,095 [WARN] DbFile:41 - Overriding database path with different value: C:\Users\jeffr\.stmcufinder\plugins\mcufinder/ => C:\Users\jeffr\.stmcufinder\plugins\mcufinder
2023-11-29 23:54:16,095 [WARN] DbFile:41 - Overriding database path with different value: C:\Users\jeffr\.stmcufinder\plugins\mcufinder/ => C:\Users\jeffr\.stmcufinder\plugins\mcufinder
2023-11-29 23:54:16,095 [INFO] CrossReferenceDbSqlite:203 - Set database path to: C:\Users\jeffr\.stmcufinder\plugins\mcufinder//mcu/cs/
2023-11-29 23:54:16,117 [INFO] ApplicationProperties:184 - Using Application install path: C:\ST\STM32CubeIDE_1.13.0\STM32CubeIDE\plugins\com.st.stm32cube.common.mx_6.10.0.202311202037
2023-11-29 23:54:16,120 [INFO] PluginManage:196 - Search for loadable plugins [exclusion list=, ]
2023-11-29 23:54:16,122 [INFO] PluginManage:310 - Check plugin analytics
2023-11-29 23:54:16,376 [INFO] AnalyticsPlugin:253 - Accepted Software Licenses: STM32CubeMX.6.8.1,STM32CubeMX.6.10.0
2023-11-29 23:54:16,376 [INFO] AnalyticsPlugin:255 - Accepted CMSIS Pack Licenses: STMicroelectronics.X-CUBE-AZRTOS-F4.1.1.0,STMicroelectronics.X-CUBE-FREERTOS.1.0.1
2023-11-29 23:54:16,376 [INFO] AnalyticsPlugin:257 - Accepted Firmware Licenses: FW.U5.1.3.0,FW.C0.1.1.0,FW.F7.1.17.0
2023-11-29 23:54:16,380 [INFO] PluginManage:359 - Loaded plugin analytics (category:tool,tabindex:-1)
2023-11-29 23:54:16,381 [INFO] PluginManage:310 - Check plugin cadmodel
2023-11-29 23:54:16,389 [INFO] CADModel:105 - Init CAD model plugin
2023-11-29 23:54:16,390 [INFO] PluginManage:359 - Loaded plugin cadmodel (category:power,tabindex:5)
2023-11-29 23:54:16,391 [INFO] PluginManage:310 - Check plugin clock
2023-11-29 23:54:16,410 [INFO] PluginManage:359 - Loaded plugin clock (category:base,tabindex:2)
2023-11-29 23:54:16,410 [INFO] PluginManage:310 - Check plugin ddr
2023-11-29 23:54:16,414 [INFO] PluginManage:359 - Loaded plugin ddr (category:tool,tabindex:6)
2023-11-29 23:54:16,414 [INFO] PluginManage:310 - Check plugin filemanager
2023-11-29 23:54:16,701 [INFO] PluginManage:359 - Loaded plugin filemanager (category:base,tabindex:10)
2023-11-29 23:54:16,701 [INFO] PluginManage:310 - Check plugin ipmanager
2023-11-29 23:54:16,717 [INFO] PluginManage:359 - Loaded plugin ipmanager (category:base,tabindex:5)
2023-11-29 23:54:16,717 [INFO] PluginManage:310 - Check plugin lpbam
2023-11-29 23:54:16,735 [INFO] PluginManage:359 - Loaded plugin lpbam (category:base,tabindex:0)
2023-11-29 23:54:16,735 [INFO] PluginManage:310 - Check plugin memorymap
2023-11-29 23:54:16,769 [INFO] PluginManage:359 - Loaded plugin memorymap (category:base,tabindex:4)
2023-11-29 23:54:16,770 [INFO] PluginManage:310 - Check plugin pinoutandconfiguration
2023-11-29 23:54:16,786 [INFO] PluginManage:359 - Loaded plugin pinoutandconfiguration (category:base,tabindex:1)
2023-11-29 23:54:16,786 [INFO] PluginManage:310 - Check plugin pinoutconfig
2023-11-29 23:54:16,922 [WARN] SupportedApi:132 - Cannot load RTOS API schema: s4s-elt-must-match.1: The content of 'definitions' must match (annotation?, (simpleType | complexType)?, (unique | key | keyref)*)). A problem was found starting at: attribute.
2023-11-29 23:54:17,111 [INFO] PluginManage:359 - Loaded plugin pinoutconfig (category:base,tabindex:0)
2023-11-29 23:54:17,112 [INFO] PluginManage:310 - Check plugin power
2023-11-29 23:54:17,127 [INFO] PluginManage:359 - Loaded plugin power (category:power,tabindex:4)
2023-11-29 23:54:17,127 [INFO] PluginManage:310 - Check plugin projectmanager
2023-11-29 23:54:17,154 [INFO] PluginManage:359 - Loaded plugin projectmanager (category:projectmanager,tabindex:3)
2023-11-29 23:54:17,154 [INFO] PluginManage:310 - Check plugin thirdparty
2023-11-29 23:54:17,370 [INFO] PluginManage:359 - Loaded plugin thirdparty (category:base,tabindex:-1)
2023-11-29 23:54:17,371 [INFO] PluginManage:310 - Check plugin tools
2023-11-29 23:54:17,370 [WARN] IntegrityCheckThread:84 - waiting for thirdparty lock release [integrity check]
2023-11-29 23:54:17,371 [INFO] IntegrityCheckThread:86 - entering critical section [integrity check]
2023-11-29 23:54:17,372 [INFO] ThirdPartyUpdaterWithRetryManager:70 - Updater plugin not ready yet. [1/15]
2023-11-29 23:54:17,376 [INFO] PluginManage:359 - Loaded plugin tools (category:base,tabindex:7)
2023-11-29 23:54:17,376 [INFO] PluginManage:310 - Check plugin tutovideos
2023-11-29 23:54:17,635 [INFO] PluginManage:359 - Loaded plugin tutovideos (category:base,tabindex:-1)
2023-11-29 23:54:17,635 [INFO] PluginManage:310 - Check plugin updater
2023-11-29 23:54:17,652 [INFO] PluginManage:359 - Loaded plugin updater (category:base,tabindex:12)
2023-11-29 23:54:17,653 [INFO] PluginManage:310 - Check plugin userauth
2023-11-29 23:54:17,661 [INFO] UserAuth:114 - Init User Auth plugin
2023-11-29 23:54:17,661 [INFO] PluginManage:359 - Loaded plugin userauth (category:base,tabindex:14)
2023-11-29 23:54:17,662 [INFO] PluginManage:283 - PluginManage : Loaded plugins [17]
2023-11-29 23:54:18,008 [INFO] PinOutPanel:1499 - setPackage(No Configuration,No Configuration)
2023-11-29 23:54:18,182 [INFO] CADModel:165 - CPN selected for project level
2023-11-29 23:54:18,183 [INFO] CADModel:114 - Register for checkConnection events
2023-11-29 23:54:18,214 [INFO] IPUIPlugin:80 - create IPUIPlugin
2023-11-29 23:54:18,215 [INFO] PluginManager:220 - loadIPPluginJar : add adc
2023-11-29 23:54:18,220 [INFO] IPUIPlugin:80 - create IPUIPlugin
2023-11-29 23:54:18,220 [INFO] PluginManager:220 - loadIPPluginJar : add aes
2023-11-29 23:54:18,226 [INFO] IPUIPlugin:80 - create IPUIPlugin
2023-11-29 23:54:18,226 [INFO] PluginManager:220 - loadIPPluginJar : add can
2023-11-29 23:54:18,229 [INFO] IPUIPlugin:80 - create IPUIPlugin
2023-11-29 23:54:18,229 [INFO] PluginManager:220 - loadIPPluginJar : add comp
2023-11-29 23:54:18,234 [INFO] IPUIPlugin:80 - create IPUIPlugin
2023-11-29 23:54:18,235 [INFO] PluginManager:220 - loadIPPluginJar : add cryp
2023-11-29 23:54:18,239 [INFO] IPUIPlugin:80 - create IPUIPlugin
2023-11-29 23:54:18,239 [INFO] PluginManager:220 - loadIPPluginJar : add dfsdm
2023-11-29 23:54:18,250 [INFO] IPUIPlugin:80 - create IPUIPlugin
2023-11-29 23:54:18,251 [INFO] PluginManager:220 - loadIPPluginJar : add dma
2023-11-29 23:54:18,255 [INFO] IPUIPlugin:80 - create IPUIPlugin
2023-11-29 23:54:18,256 [INFO] PluginManager:220 - loadIPPluginJar : add dma3
2023-11-29 23:54:18,259 [INFO] IPUIPlugin:80 - create IPUIPlugin
2023-11-29 23:54:18,259 [INFO] PluginManager:220 - loadIPPluginJar : add fatfs
2023-11-29 23:54:18,266 [INFO] IPUIPlugin:80 - create IPUIPlugin
2023-11-29 23:54:18,266 [INFO] PluginManager:220 - loadIPPluginJar : add fmc
2023-11-29 23:54:18,275 [INFO] IPUIPlugin:80 - create IPUIPlugin
2023-11-29 23:54:18,276 [INFO] PluginManager:220 - loadIPPluginJar : add freertos
2023-11-29 23:54:18,278 [INFO] IPUIPlugin:80 - create IPUIPlugin
2023-11-29 23:54:18,278 [INFO] PluginManager:220 - loadIPPluginJar : add genericplugin
2023-11-29 23:54:18,378 [INFO] IPUIPlugin:80 - create IPUIPlugin
2023-11-29 23:54:18,379 [INFO] PluginManager:220 - loadIPPluginJar : add gfxmmu
2023-11-29 23:54:18,388 [INFO] IPUIPlugin:80 - create IPUIPlugin
2023-11-29 23:54:18,388 [INFO] PluginManager:220 - loadIPPluginJar : add gic
2023-11-29 23:54:18,396 [INFO] IPUIPlugin:80 - create IPUIPlugin
2023-11-29 23:54:18,397 [INFO] PluginManager:220 - loadIPPluginJar : add gpio
2023-11-29 23:54:18,403 [INFO] IPUIPlugin:80 - create IPUIPlugin
2023-11-29 23:54:18,404 [INFO] PluginManager:220 - loadIPPluginJar : add gtzc
2023-11-29 23:54:18,409 [INFO] IPUIPlugin:80 - create IPUIPlugin
2023-11-29 23:54:18,409 [INFO] PluginManager:220 - loadIPPluginJar : add hash
2023-11-29 23:54:18,414 [INFO] IPUIPlugin:80 - create IPUIPlugin
2023-11-29 23:54:18,414 [INFO] PluginManager:220 - loadIPPluginJar : add i2c
2023-11-29 23:54:18,420 [INFO] IPUIPlugin:80 - create IPUIPlugin
2023-11-29 23:54:18,420 [INFO] PluginManager:220 - loadIPPluginJar : add i2s
2023-11-29 23:54:18,425 [INFO] IPUIPlugin:80 - create IPUIPlugin
2023-11-29 23:54:18,425 [INFO] PluginManager:220 - loadIPPluginJar : add i3c
2023-11-29 23:54:18,430 [INFO] IPUIPlugin:80 - create IPUIPlugin
2023-11-29 23:54:18,430 [INFO] PluginManager:220 - loadIPPluginJar : add ipddr
2023-11-29 23:54:18,441 [INFO] IPUIPlugin:80 - create IPUIPlugin
2023-11-29 23:54:18,441 [INFO] PluginManager:220 - loadIPPluginJar : add linkedlist
2023-11-29 23:54:18,445 [INFO] IPUIPlugin:80 - create IPUIPlugin
2023-11-29 23:54:18,445 [INFO] PluginManager:220 - loadIPPluginJar : add lorawan
2023-11-29 23:54:18,448 [INFO] IPUIPlugin:80 - create IPUIPlugin
2023-11-29 23:54:18,448 [INFO] PluginManager:220 - loadIPPluginJar : add ltdc
2023-11-29 23:54:18,456 [INFO] IPUIPlugin:80 - create IPUIPlugin
2023-11-29 23:54:18,456 [INFO] PluginManager:220 - loadIPPluginJar : add mdma
2023-11-29 23:54:18,462 [INFO] IPUIPlugin:80 - create IPUIPlugin
2023-11-29 23:54:18,462 [INFO] PluginManager:220 - loadIPPluginJar : add nvic
2023-11-29 23:54:18,467 [INFO] IPUIPlugin:80 - create IPUIPlugin
2023-11-29 23:54:18,468 [INFO] PluginManager:220 - loadIPPluginJar : add opamp
2023-11-29 23:54:18,472 [INFO] IPUIPlugin:80 - create IPUIPlugin
2023-11-29 23:54:18,472 [INFO] PluginManager:220 - loadIPPluginJar : add openamp
2023-11-29 23:54:18,477 [INFO] IPUIPlugin:80 - create IPUIPlugin
2023-11-29 23:54:18,477 [INFO] PluginManager:220 - loadIPPluginJar : add pdm2pcm
2023-11-29 23:54:18,485 [INFO] IPUIPlugin:80 - create IPUIPlugin
2023-11-29 23:54:18,488 [INFO] PluginManager:220 - loadIPPluginJar : add plateformsettings
2023-11-29 23:54:18,491 [INFO] IPUIPlugin:80 - create IPUIPlugin
2023-11-29 23:54:18,491 [INFO] PluginManager:220 - loadIPPluginJar : add quadspi
2023-11-29 23:54:18,497 [INFO] IPUIPlugin:80 - create IPUIPlugin
2023-11-29 23:54:18,497 [INFO] PluginManager:220 - loadIPPluginJar : add resmgrutility
2023-11-29 23:54:18,502 [INFO] IPUIPlugin:80 - create IPUIPlugin
2023-11-29 23:54:18,502 [INFO] PluginManager:220 - loadIPPluginJar : add sai
2023-11-29 23:54:18,506 [INFO] IPUIPlugin:80 - create IPUIPlugin
2023-11-29 23:54:18,506 [INFO] PluginManager:220 - loadIPPluginJar : add spi
2023-11-29 23:54:18,514 [INFO] IPUIPlugin:80 - create IPUIPlugin
2023-11-29 23:54:18,514 [INFO] PluginManager:220 - loadIPPluginJar : add stm32_wpan
2023-11-29 23:54:18,517 [INFO] IPUIPlugin:80 - create IPUIPlugin
2023-11-29 23:54:18,517 [INFO] PluginManager:220 - loadIPPluginJar : add tim
2023-11-29 23:54:18,522 [INFO] IPUIPlugin:80 - create IPUIPlugin
2023-11-29 23:54:18,522 [INFO] PluginManager:220 - loadIPPluginJar : add touchsensing
2023-11-29 23:54:18,526 [INFO] IPUIPlugin:80 - create IPUIPlugin
2023-11-29 23:54:18,526 [INFO] PluginManager:220 - loadIPPluginJar : add tracer_emb
2023-11-29 23:54:18,530 [INFO] IPUIPlugin:80 - create IPUIPlugin
2023-11-29 23:54:18,530 [INFO] PluginManager:220 - loadIPPluginJar : add ts
2023-11-29 23:54:18,533 [INFO] IPUIPlugin:80 - create IPUIPlugin
2023-11-29 23:54:18,533 [INFO] PluginManager:220 - loadIPPluginJar : add tsc
2023-11-29 23:54:18,538 [INFO] IPUIPlugin:80 - create IPUIPlugin
2023-11-29 23:54:18,538 [INFO] PluginManager:220 - loadIPPluginJar : add ucpd
2023-11-29 23:54:18,544 [INFO] IPUIPlugin:80 - create IPUIPlugin
2023-11-29 23:54:18,544 [INFO] PluginManager:220 - loadIPPluginJar : add usart
2023-11-29 23:54:18,550 [INFO] IPUIPlugin:80 - create IPUIPlugin
2023-11-29 23:54:18,550 [INFO] PluginManager:220 - loadIPPluginJar : add usbx
2023-11-29 23:54:18,759 [INFO] CADModel:165 - CPN selected for project level
2023-11-29 23:54:18,759 [INFO] CADModel:114 - Register for checkConnection events
2023-11-29 23:54:18,760 [FATAL] Updater:308 - Updater called before beeing initialized
2023-11-29 23:54:18,760 [ERROR] CADModel:125 - Updater not yet initialized, retry later 
2023-11-29 23:54:18,973 [INFO] CADModel:165 - CPN selected for project level
2023-11-29 23:54:18,973 [INFO] CADModel:114 - Register for checkConnection events
2023-11-29 23:54:18,974 [FATAL] Updater:308 - Updater called before beeing initialized
2023-11-29 23:54:18,974 [ERROR] CADModel:125 - Updater not yet initialized, retry later 
2023-11-29 23:54:18,980 [FATAL] Updater:308 - Updater called before beeing initialized
2023-11-29 23:54:19,155 [FATAL] Updater:308 - Updater called before beeing initialized
2023-11-29 23:54:19,160 [INFO] DbMcusAds:53 - JSON generation date=Wed Nov 29 05:52:27 PET 2023 (1701255147349)
2023-11-29 23:54:19,160 [FATAL] Updater:308 - Updater called before beeing initialized
2023-11-29 23:54:19,210 [WARN] DetailPanel:346 - Failed to get advertising image, set to default
2023-11-29 23:54:19,330 [FATAL] Updater:308 - Updater called before beeing initialized
2023-11-29 23:54:19,332 [FATAL] Updater:308 - Updater called before beeing initialized
2023-11-29 23:54:19,332 [FATAL] Updater:308 - Updater called before beeing initialized
2023-11-29 23:54:19,332 [WARN] DetailPanel:346 - Failed to get advertising image, set to default
2023-11-29 23:54:19,333 [FATAL] Updater:308 - Updater called before beeing initialized
2023-11-29 23:54:19,415 [ERROR] Updater:1120 - MainUpdater not yet initialized. External WinMGr cannot be set.
2023-11-29 23:54:19,418 [INFO] Updater:1056 - Updater Version found : 6.10.0
2023-11-29 23:54:19,449 [INFO] ApplicationProperties:184 - Using Application install path: C:\ST\STM32CubeIDE_1.13.0\STM32CubeIDE\plugins\com.st.stm32cube.common.mx_6.10.0.202311202037
2023-11-29 23:54:19,469 [INFO] MainUpdater:5292 - Software Update Detected: STM32CubeMX
2023-11-29 23:54:20,376 [INFO] ThirdPartyUpdaterWithRetryManager:70 - Updater plugin not ready yet. [2/15]
2023-11-29 23:54:23,377 [FATAL] Updater:308 - Updater called before beeing initialized
2023-11-29 23:54:23,379 [ERROR] IntegrityCheckThread:130 - Cannot retrieve database content from updater: error 21
2023-11-29 23:54:23,380 [INFO] ThirdParty:978 - Integrity check success = false
2023-11-29 23:54:23,380 [INFO] IntegrityCheckThread:100 - exiting critical section [integrity check]
2023-11-29 23:54:23,381 [INFO] IntegrityCheckThread:103 - End integrity checks thread
2023-11-29 23:54:25,221 [INFO] UpgradeLauncher:84 - Launching upgrade utility for software upgrade type: (MX) upgradeMode ( Rel)
2023-11-29 23:54:25,284 [INFO] UpgradeLauncher:93 - Upgrade utility launched for software upgrade
2023-11-29 23:55:14,397 [INFO] Activator:176 - 


2023-11-29 23:55:14,431 [INFO] Activator:177 - !SESSION log4j initialized
2023-11-29 23:55:17,711 [INFO] LogOutputStream:77 - [STDOUT_REDIRECT] 
2023-11-29 23:55:21,410 [INFO] ApplicationProperties:184 - Using Application install path: C:\ST\STM32CubeIDE_1.13.0\STM32CubeIDE\plugins\com.st.stm32cube.common.mx_6.10.0.202311202037
2023-11-29 23:55:21,444 [INFO] DbMcusXml:78 - Set database path to: C:\ST\STM32CubeIDE_1.13.0\STM32CubeIDE\plugins\com.st.stm32cube.common.mx_6.10.0.202311202037\\db\/mcu/
2023-11-29 23:55:21,445 [INFO] ApiDb:274 - Set plugin database path to: C:\ST\STM32CubeIDE_1.13.0\STM32CubeIDE\plugins\com.st.stm32cube.common.mx_6.10.0.202311202037\\db\/plugins/boardmanager/
2023-11-29 23:55:21,446 [WARN] ApiDb:259 - Overriding images path with different value:  => C:\ST\STM32CubeIDE_1.13.0\STM32CubeIDE\plugins\com.st.stm32cube.common.mx_6.10.0.202311202037\\db\/plugins/mcufinder/images/
2023-11-29 23:55:21,458 [INFO] ApiDb:250 - Set database path to: C:\Users\jeffr\.stmcufinder\plugins\mcufinder//mcu/
2023-11-29 23:55:21,460 [INFO] DbMcusAds:125 - Set database path to: C:\Users\jeffr\.stmcufinder\plugins\mcufinder//mcu/
2023-11-29 23:55:21,464 [INFO] CrossReferenceDbSqlite:203 - Set database path to: C:\Users\jeffr\.stmcufinder\plugins\mcufinder//mcu/cs/
2023-11-29 23:55:21,655 [INFO] RulesReader:64 - Compatibility file has been processed (297 Rules)
2023-11-29 23:55:21,840 [INFO] DbMcusXml:78 - Set database path to: C:\ST\STM32CubeIDE_1.13.0\STM32CubeIDE\plugins\com.st.stm32cube.common.mx_6.10.0.202311202037\\db\/mcu/
2023-11-29 23:55:21,840 [INFO] ApiDb:274 - Set plugin database path to: C:\ST\STM32CubeIDE_1.13.0\STM32CubeIDE\plugins\com.st.stm32cube.common.mx_6.10.0.202311202037\\db\/plugins/boardmanager/
2023-11-29 23:55:21,840 [INFO] ApiDb:261 - Set plugin images path to: C:\ST\STM32CubeIDE_1.13.0\STM32CubeIDE\plugins\com.st.stm32cube.common.mx_6.10.0.202311202037\\db\/plugins/mcufinder/images/
2023-11-29 23:55:21,841 [WARN] DbFile:41 - Overriding database path with different value: C:\Users\jeffr\.stmcufinder\plugins\mcufinder/ => C:\Users\jeffr\.stmcufinder\plugins\mcufinder
2023-11-29 23:55:21,841 [INFO] ApiDb:250 - Set database path to: C:\Users\jeffr\.stmcufinder\plugins\mcufinder//mcu/
2023-11-29 23:55:21,841 [WARN] DbFile:41 - Overriding database path with different value: C:\Users\jeffr\.stmcufinder\plugins\mcufinder/ => C:\Users\jeffr\.stmcufinder\plugins\mcufinder
2023-11-29 23:55:21,841 [INFO] DbMcusAds:125 - Set database path to: C:\Users\jeffr\.stmcufinder\plugins\mcufinder//mcu/
2023-11-29 23:55:21,841 [WARN] DbFile:41 - Overriding database path with different value: C:\Users\jeffr\.stmcufinder\plugins\mcufinder/ => C:\Users\jeffr\.stmcufinder\plugins\mcufinder
2023-11-29 23:55:21,841 [WARN] DbFile:41 - Overriding database path with different value: C:\Users\jeffr\.stmcufinder\plugins\mcufinder/ => C:\Users\jeffr\.stmcufinder\plugins\mcufinder
2023-11-29 23:55:21,842 [INFO] CrossReferenceDbSqlite:203 - Set database path to: C:\Users\jeffr\.stmcufinder\plugins\mcufinder//mcu/cs/
2023-11-29 23:55:21,968 [INFO] MainPanel:264 - HeapMemory: 268435456
2023-11-29 23:55:22,096 [INFO] DbMcusXml:78 - Set database path to: C:\ST\STM32CubeIDE_1.13.0\STM32CubeIDE\plugins\com.st.stm32cube.common.mx_6.10.0.202311202037\\db\/mcu/
2023-11-29 23:55:22,096 [INFO] ApiDb:274 - Set plugin database path to: C:\ST\STM32CubeIDE_1.13.0\STM32CubeIDE\plugins\com.st.stm32cube.common.mx_6.10.0.202311202037\\db\/plugins/boardmanager/
2023-11-29 23:55:22,096 [INFO] ApiDb:261 - Set plugin images path to: C:\ST\STM32CubeIDE_1.13.0\STM32CubeIDE\plugins\com.st.stm32cube.common.mx_6.10.0.202311202037\\db\/plugins/mcufinder/images/
2023-11-29 23:55:22,097 [WARN] DbFile:41 - Overriding database path with different value: C:\Users\jeffr\.stmcufinder\plugins\mcufinder/ => C:\Users\jeffr\.stmcufinder\plugins\mcufinder
2023-11-29 23:55:22,097 [INFO] ApiDb:250 - Set database path to: C:\Users\jeffr\.stmcufinder\plugins\mcufinder//mcu/
2023-11-29 23:55:22,098 [WARN] DbFile:41 - Overriding database path with different value: C:\Users\jeffr\.stmcufinder\plugins\mcufinder/ => C:\Users\jeffr\.stmcufinder\plugins\mcufinder
2023-11-29 23:55:22,098 [INFO] DbMcusAds:125 - Set database path to: C:\Users\jeffr\.stmcufinder\plugins\mcufinder//mcu/
2023-11-29 23:55:22,098 [WARN] DbFile:41 - Overriding database path with different value: C:\Users\jeffr\.stmcufinder\plugins\mcufinder/ => C:\Users\jeffr\.stmcufinder\plugins\mcufinder
2023-11-29 23:55:22,098 [WARN] DbFile:41 - Overriding database path with different value: C:\Users\jeffr\.stmcufinder\plugins\mcufinder/ => C:\Users\jeffr\.stmcufinder\plugins\mcufinder
2023-11-29 23:55:22,098 [INFO] CrossReferenceDbSqlite:203 - Set database path to: C:\Users\jeffr\.stmcufinder\plugins\mcufinder//mcu/cs/
2023-11-29 23:55:22,127 [INFO] ApplicationProperties:184 - Using Application install path: C:\ST\STM32CubeIDE_1.13.0\STM32CubeIDE\plugins\com.st.stm32cube.common.mx_6.10.0.202311202037
2023-11-29 23:55:22,131 [INFO] PluginManage:196 - Search for loadable plugins [exclusion list=, ]
2023-11-29 23:55:22,133 [INFO] PluginManage:310 - Check plugin analytics
2023-11-29 23:55:22,421 [INFO] AnalyticsPlugin:253 - Accepted Software Licenses: STM32CubeMX.6.8.1,STM32CubeMX.6.10.0
2023-11-29 23:55:22,421 [INFO] AnalyticsPlugin:255 - Accepted CMSIS Pack Licenses: STMicroelectronics.X-CUBE-AZRTOS-F4.1.1.0,STMicroelectronics.X-CUBE-FREERTOS.1.0.1
2023-11-29 23:55:22,422 [INFO] AnalyticsPlugin:257 - Accepted Firmware Licenses: FW.U5.1.3.0,FW.C0.1.1.0,FW.F7.1.17.0
2023-11-29 23:55:22,426 [INFO] PluginManage:359 - Loaded plugin analytics (category:tool,tabindex:-1)
2023-11-29 23:55:22,426 [INFO] PluginManage:310 - Check plugin cadmodel
2023-11-29 23:55:22,436 [INFO] CADModel:105 - Init CAD model plugin
2023-11-29 23:55:22,436 [INFO] PluginManage:359 - Loaded plugin cadmodel (category:power,tabindex:5)
2023-11-29 23:55:22,436 [INFO] PluginManage:310 - Check plugin clock
2023-11-29 23:55:22,456 [INFO] PluginManage:359 - Loaded plugin clock (category:base,tabindex:2)
2023-11-29 23:55:22,456 [INFO] PluginManage:310 - Check plugin ddr
2023-11-29 23:55:22,459 [INFO] PluginManage:359 - Loaded plugin ddr (category:tool,tabindex:6)
2023-11-29 23:55:22,460 [INFO] PluginManage:310 - Check plugin filemanager
2023-11-29 23:55:22,674 [INFO] PluginManage:359 - Loaded plugin filemanager (category:base,tabindex:10)
2023-11-29 23:55:22,674 [INFO] PluginManage:310 - Check plugin ipmanager
2023-11-29 23:55:22,688 [INFO] PluginManage:359 - Loaded plugin ipmanager (category:base,tabindex:5)
2023-11-29 23:55:22,689 [INFO] PluginManage:310 - Check plugin lpbam
2023-11-29 23:55:22,707 [INFO] PluginManage:359 - Loaded plugin lpbam (category:base,tabindex:0)
2023-11-29 23:55:22,708 [INFO] PluginManage:310 - Check plugin memorymap
2023-11-29 23:55:22,730 [INFO] PluginManage:359 - Loaded plugin memorymap (category:base,tabindex:4)
2023-11-29 23:55:22,731 [INFO] PluginManage:310 - Check plugin pinoutandconfiguration
2023-11-29 23:55:22,743 [INFO] PluginManage:359 - Loaded plugin pinoutandconfiguration (category:base,tabindex:1)
2023-11-29 23:55:22,744 [INFO] PluginManage:310 - Check plugin pinoutconfig
2023-11-29 23:55:22,919 [WARN] SupportedApi:132 - Cannot load RTOS API schema: s4s-elt-must-match.1: The content of 'definitions' must match (annotation?, (simpleType | complexType)?, (unique | key | keyref)*)). A problem was found starting at: attribute.
2023-11-29 23:55:23,154 [INFO] PluginManage:359 - Loaded plugin pinoutconfig (category:base,tabindex:0)
2023-11-29 23:55:23,155 [INFO] PluginManage:310 - Check plugin power
2023-11-29 23:55:23,173 [INFO] PluginManage:359 - Loaded plugin power (category:power,tabindex:4)
2023-11-29 23:55:23,173 [INFO] PluginManage:310 - Check plugin projectmanager
2023-11-29 23:55:23,203 [INFO] PluginManage:359 - Loaded plugin projectmanager (category:projectmanager,tabindex:3)
2023-11-29 23:55:23,203 [INFO] PluginManage:310 - Check plugin thirdparty
2023-11-29 23:55:23,462 [INFO] PluginManage:359 - Loaded plugin thirdparty (category:base,tabindex:-1)
2023-11-29 23:55:23,463 [INFO] PluginManage:310 - Check plugin tools
2023-11-29 23:55:23,462 [WARN] IntegrityCheckThread:84 - waiting for thirdparty lock release [integrity check]
2023-11-29 23:55:23,463 [INFO] IntegrityCheckThread:86 - entering critical section [integrity check]
2023-11-29 23:55:23,464 [INFO] ThirdPartyUpdaterWithRetryManager:70 - Updater plugin not ready yet. [1/15]
2023-11-29 23:55:23,467 [INFO] PluginManage:359 - Loaded plugin tools (category:base,tabindex:7)
2023-11-29 23:55:23,468 [INFO] PluginManage:310 - Check plugin tutovideos
2023-11-29 23:55:23,738 [INFO] PluginManage:359 - Loaded plugin tutovideos (category:base,tabindex:-1)
2023-11-29 23:55:23,738 [INFO] PluginManage:310 - Check plugin updater
2023-11-29 23:55:23,757 [INFO] PluginManage:359 - Loaded plugin updater (category:base,tabindex:12)
2023-11-29 23:55:23,757 [INFO] PluginManage:310 - Check plugin userauth
2023-11-29 23:55:23,765 [INFO] UserAuth:114 - Init User Auth plugin
2023-11-29 23:55:23,765 [INFO] PluginManage:359 - Loaded plugin userauth (category:base,tabindex:14)
2023-11-29 23:55:23,766 [INFO] PluginManage:283 - PluginManage : Loaded plugins [17]
2023-11-29 23:55:24,129 [INFO] PinOutPanel:1499 - setPackage(No Configuration,No Configuration)
2023-11-29 23:55:24,241 [INFO] CADModel:165 - CPN selected for project level
2023-11-29 23:55:24,241 [INFO] CADModel:114 - Register for checkConnection events
2023-11-29 23:55:24,265 [INFO] IPUIPlugin:80 - create IPUIPlugin
2023-11-29 23:55:24,266 [INFO] PluginManager:220 - loadIPPluginJar : add adc
2023-11-29 23:55:24,269 [INFO] IPUIPlugin:80 - create IPUIPlugin
2023-11-29 23:55:24,269 [INFO] PluginManager:220 - loadIPPluginJar : add aes
2023-11-29 23:55:24,273 [INFO] IPUIPlugin:80 - create IPUIPlugin
2023-11-29 23:55:24,274 [INFO] PluginManager:220 - loadIPPluginJar : add can
2023-11-29 23:55:24,276 [INFO] IPUIPlugin:80 - create IPUIPlugin
2023-11-29 23:55:24,276 [INFO] PluginManager:220 - loadIPPluginJar : add comp
2023-11-29 23:55:24,281 [INFO] IPUIPlugin:80 - create IPUIPlugin
2023-11-29 23:55:24,281 [INFO] PluginManager:220 - loadIPPluginJar : add cryp
2023-11-29 23:55:24,285 [INFO] IPUIPlugin:80 - create IPUIPlugin
2023-11-29 23:55:24,286 [INFO] PluginManager:220 - loadIPPluginJar : add dfsdm
2023-11-29 23:55:24,295 [INFO] IPUIPlugin:80 - create IPUIPlugin
2023-11-29 23:55:24,296 [INFO] PluginManager:220 - loadIPPluginJar : add dma
2023-11-29 23:55:24,301 [INFO] IPUIPlugin:80 - create IPUIPlugin
2023-11-29 23:55:24,301 [INFO] PluginManager:220 - loadIPPluginJar : add dma3
2023-11-29 23:55:24,303 [INFO] IPUIPlugin:80 - create IPUIPlugin
2023-11-29 23:55:24,303 [INFO] PluginManager:220 - loadIPPluginJar : add fatfs
2023-11-29 23:55:24,310 [INFO] IPUIPlugin:80 - create IPUIPlugin
2023-11-29 23:55:24,310 [INFO] PluginManager:220 - loadIPPluginJar : add fmc
2023-11-29 23:55:24,319 [INFO] IPUIPlugin:80 - create IPUIPlugin
2023-11-29 23:55:24,319 [INFO] PluginManager:220 - loadIPPluginJar : add freertos
2023-11-29 23:55:24,322 [INFO] IPUIPlugin:80 - create IPUIPlugin
2023-11-29 23:55:24,322 [INFO] PluginManager:220 - loadIPPluginJar : add genericplugin
2023-11-29 23:55:24,326 [INFO] IPUIPlugin:80 - create IPUIPlugin
2023-11-29 23:55:24,326 [INFO] PluginManager:220 - loadIPPluginJar : add gfxmmu
2023-11-29 23:55:24,335 [INFO] IPUIPlugin:80 - create IPUIPlugin
2023-11-29 23:55:24,336 [INFO] PluginManager:220 - loadIPPluginJar : add gic
2023-11-29 23:55:24,342 [INFO] IPUIPlugin:80 - create IPUIPlugin
2023-11-29 23:55:24,342 [INFO] PluginManager:220 - loadIPPluginJar : add gpio
2023-11-29 23:55:24,347 [INFO] IPUIPlugin:80 - create IPUIPlugin
2023-11-29 23:55:24,347 [INFO] PluginManager:220 - loadIPPluginJar : add gtzc
2023-11-29 23:55:24,351 [INFO] IPUIPlugin:80 - create IPUIPlugin
2023-11-29 23:55:24,352 [INFO] PluginManager:220 - loadIPPluginJar : add hash
2023-11-29 23:55:24,355 [INFO] IPUIPlugin:80 - create IPUIPlugin
2023-11-29 23:55:24,356 [INFO] PluginManager:220 - loadIPPluginJar : add i2c
2023-11-29 23:55:24,359 [INFO] IPUIPlugin:80 - create IPUIPlugin
2023-11-29 23:55:24,359 [INFO] PluginManager:220 - loadIPPluginJar : add i2s
2023-11-29 23:55:24,365 [INFO] IPUIPlugin:80 - create IPUIPlugin
2023-11-29 23:55:24,365 [INFO] PluginManager:220 - loadIPPluginJar : add i3c
2023-11-29 23:55:24,371 [INFO] IPUIPlugin:80 - create IPUIPlugin
2023-11-29 23:55:24,372 [INFO] PluginManager:220 - loadIPPluginJar : add ipddr
2023-11-29 23:55:24,384 [INFO] IPUIPlugin:80 - create IPUIPlugin
2023-11-29 23:55:24,384 [INFO] PluginManager:220 - loadIPPluginJar : add linkedlist
2023-11-29 23:55:24,388 [INFO] IPUIPlugin:80 - create IPUIPlugin
2023-11-29 23:55:24,388 [INFO] PluginManager:220 - loadIPPluginJar : add lorawan
2023-11-29 23:55:24,391 [INFO] IPUIPlugin:80 - create IPUIPlugin
2023-11-29 23:55:24,391 [INFO] PluginManager:220 - loadIPPluginJar : add ltdc
2023-11-29 23:55:24,402 [INFO] IPUIPlugin:80 - create IPUIPlugin
2023-11-29 23:55:24,402 [INFO] PluginManager:220 - loadIPPluginJar : add mdma
2023-11-29 23:55:24,407 [INFO] IPUIPlugin:80 - create IPUIPlugin
2023-11-29 23:55:24,408 [INFO] PluginManager:220 - loadIPPluginJar : add nvic
2023-11-29 23:55:24,413 [INFO] IPUIPlugin:80 - create IPUIPlugin
2023-11-29 23:55:24,413 [INFO] PluginManager:220 - loadIPPluginJar : add opamp
2023-11-29 23:55:24,419 [INFO] IPUIPlugin:80 - create IPUIPlugin
2023-11-29 23:55:24,420 [INFO] PluginManager:220 - loadIPPluginJar : add openamp
2023-11-29 23:55:24,425 [INFO] IPUIPlugin:80 - create IPUIPlugin
2023-11-29 23:55:24,425 [INFO] PluginManager:220 - loadIPPluginJar : add pdm2pcm
2023-11-29 23:55:24,435 [INFO] IPUIPlugin:80 - create IPUIPlugin
2023-11-29 23:55:24,439 [INFO] PluginManager:220 - loadIPPluginJar : add plateformsettings
2023-11-29 23:55:24,441 [INFO] IPUIPlugin:80 - create IPUIPlugin
2023-11-29 23:55:24,442 [INFO] PluginManager:220 - loadIPPluginJar : add quadspi
2023-11-29 23:55:24,448 [INFO] IPUIPlugin:80 - create IPUIPlugin
2023-11-29 23:55:24,448 [INFO] PluginManager:220 - loadIPPluginJar : add resmgrutility
2023-11-29 23:55:24,453 [INFO] IPUIPlugin:80 - create IPUIPlugin
2023-11-29 23:55:24,453 [INFO] PluginManager:220 - loadIPPluginJar : add sai
2023-11-29 23:55:24,457 [INFO] IPUIPlugin:80 - create IPUIPlugin
2023-11-29 23:55:24,457 [INFO] PluginManager:220 - loadIPPluginJar : add spi
2023-11-29 23:55:24,465 [INFO] IPUIPlugin:80 - create IPUIPlugin
2023-11-29 23:55:24,465 [INFO] PluginManager:220 - loadIPPluginJar : add stm32_wpan
2023-11-29 23:55:24,468 [INFO] IPUIPlugin:80 - create IPUIPlugin
2023-11-29 23:55:24,468 [INFO] PluginManager:220 - loadIPPluginJar : add tim
2023-11-29 23:55:24,473 [INFO] IPUIPlugin:80 - create IPUIPlugin
2023-11-29 23:55:24,473 [INFO] PluginManager:220 - loadIPPluginJar : add touchsensing
2023-11-29 23:55:24,476 [INFO] IPUIPlugin:80 - create IPUIPlugin
2023-11-29 23:55:24,476 [INFO] PluginManager:220 - loadIPPluginJar : add tracer_emb
2023-11-29 23:55:24,480 [INFO] IPUIPlugin:80 - create IPUIPlugin
2023-11-29 23:55:24,481 [INFO] PluginManager:220 - loadIPPluginJar : add ts
2023-11-29 23:55:24,484 [INFO] IPUIPlugin:80 - create IPUIPlugin
2023-11-29 23:55:24,484 [INFO] PluginManager:220 - loadIPPluginJar : add tsc
2023-11-29 23:55:24,487 [INFO] IPUIPlugin:80 - create IPUIPlugin
2023-11-29 23:55:24,487 [INFO] PluginManager:220 - loadIPPluginJar : add ucpd
2023-11-29 23:55:24,491 [INFO] IPUIPlugin:80 - create IPUIPlugin
2023-11-29 23:55:24,491 [INFO] PluginManager:220 - loadIPPluginJar : add usart
2023-11-29 23:55:24,496 [INFO] IPUIPlugin:80 - create IPUIPlugin
2023-11-29 23:55:24,497 [INFO] PluginManager:220 - loadIPPluginJar : add usbx
2023-11-29 23:55:24,668 [INFO] CADModel:165 - CPN selected for project level
2023-11-29 23:55:24,668 [INFO] CADModel:114 - Register for checkConnection events
2023-11-29 23:55:24,668 [FATAL] Updater:308 - Updater called before beeing initialized
2023-11-29 23:55:24,668 [ERROR] CADModel:125 - Updater not yet initialized, retry later 
2023-11-29 23:55:24,884 [INFO] CADModel:165 - CPN selected for project level
2023-11-29 23:55:24,884 [INFO] CADModel:114 - Register for checkConnection events
2023-11-29 23:55:24,884 [FATAL] Updater:308 - Updater called before beeing initialized
2023-11-29 23:55:24,885 [ERROR] CADModel:125 - Updater not yet initialized, retry later 
2023-11-29 23:55:24,890 [FATAL] Updater:308 - Updater called before beeing initialized
2023-11-29 23:55:25,075 [FATAL] Updater:308 - Updater called before beeing initialized
2023-11-29 23:55:25,185 [INFO] DbMcusAds:53 - JSON generation date=Wed Nov 29 05:52:27 PET 2023 (1701255147349)
2023-11-29 23:55:25,208 [FATAL] Updater:308 - Updater called before beeing initialized
2023-11-29 23:55:25,261 [WARN] DetailPanel:346 - Failed to get advertising image, set to default
2023-11-29 23:55:25,379 [FATAL] Updater:308 - Updater called before beeing initialized
2023-11-29 23:55:25,816 [FATAL] Updater:308 - Updater called before beeing initialized
2023-11-29 23:55:25,816 [FATAL] Updater:308 - Updater called before beeing initialized
2023-11-29 23:55:25,816 [WARN] DetailPanel:346 - Failed to get advertising image, set to default
2023-11-29 23:55:25,817 [FATAL] Updater:308 - Updater called before beeing initialized
2023-11-29 23:55:25,888 [ERROR] Updater:1120 - MainUpdater not yet initialized. External WinMGr cannot be set.
2023-11-29 23:55:25,891 [INFO] Updater:1056 - Updater Version found : 6.10.0
2023-11-29 23:55:25,920 [INFO] ApplicationProperties:184 - Using Application install path: C:\ST\STM32CubeIDE_1.13.0\STM32CubeIDE\plugins\com.st.stm32cube.common.mx_6.10.0.202311202037
2023-11-29 23:55:25,938 [INFO] MainUpdater:5292 - Software Update Detected: STM32CubeMX
2023-11-29 23:55:26,467 [INFO] ThirdPartyUpdaterWithRetryManager:70 - Updater plugin not ready yet. [2/15]
2023-11-29 23:55:29,471 [FATAL] Updater:308 - Updater called before beeing initialized
2023-11-29 23:55:29,472 [ERROR] IntegrityCheckThread:130 - Cannot retrieve database content from updater: error 21
2023-11-29 23:55:29,472 [INFO] ThirdParty:978 - Integrity check success = false
2023-11-29 23:55:29,472 [INFO] IntegrityCheckThread:100 - exiting critical section [integrity check]
2023-11-29 23:55:29,472 [INFO] IntegrityCheckThread:103 - End integrity checks thread
2023-11-29 23:55:30,419 [INFO] UpgradeLauncher:84 - Launching upgrade utility for software upgrade type: (MX) upgradeMode ( Rel)
2023-11-29 23:55:30,488 [INFO] UpgradeLauncher:93 - Upgrade utility launched for software upgrade
